{
  "RSpec": {
    "coverage": {
      "/Users/maxstrivens/Documents/Programming/Projects/post_course_projects/chitter/app/helpers/application_helper.rb": {
        "lines": [
          1,
          null
        ]
      },
      "/Users/maxstrivens/Documents/Programming/Projects/post_course_projects/chitter/app/helpers/posts_helper.rb": {
        "lines": [
          1,
          null
        ]
      },
      "/Users/maxstrivens/Documents/Programming/Projects/post_course_projects/chitter/app/helpers/sessions_helper.rb": {
        "lines": [
          1,
          null
        ]
      },
      "/Users/maxstrivens/Documents/Programming/Projects/post_course_projects/chitter/app/helpers/users_helper.rb": {
        "lines": [
          1,
          null
        ]
      },
      "/Users/maxstrivens/Documents/Programming/Projects/post_course_projects/chitter/app/controllers/sessions_controller.rb": {
        "lines": [
          1,
          1,
          null,
          null,
          1,
          5,
          5,
          4,
          4,
          null,
          1,
          1,
          null,
          null,
          null,
          1,
          1,
          1,
          null,
          null,
          1,
          null,
          1,
          5,
          null,
          null,
          1,
          4,
          null,
          null
        ]
      },
      "/Users/maxstrivens/Documents/Programming/Projects/post_course_projects/chitter/app/controllers/application_controller.rb": {
        "lines": [
          1,
          1,
          null,
          1,
          21,
          6,
          null,
          15,
          null,
          null,
          null,
          1,
          null,
          1,
          6,
          null,
          null
        ]
      },
      "/Users/maxstrivens/Documents/Programming/Projects/post_course_projects/chitter/app/controllers/users_controller.rb": {
        "lines": [
          1,
          null,
          1,
          7,
          null,
          null,
          1,
          9,
          9,
          5,
          null,
          4,
          null,
          null,
          null,
          1,
          1,
          9,
          null,
          null,
          1,
          9,
          null,
          null,
          1,
          9,
          null,
          null
        ]
      },
      "/Users/maxstrivens/Documents/Programming/Projects/post_course_projects/chitter/app/models/user.rb": {
        "lines": [
          1,
          1,
          null,
          1,
          1,
          null
        ]
      },
      "/Users/maxstrivens/Documents/Programming/Projects/post_course_projects/chitter/app/models/application_record.rb": {
        "lines": [
          1,
          1,
          null
        ]
      },
      "/Users/maxstrivens/Documents/Programming/Projects/post_course_projects/chitter/app/controllers/posts_controller.rb": {
        "lines": [
          1,
          null,
          1,
          18,
          null,
          null
        ]
      }
    },
    "timestamp": 1623060516
  }
}
